Arguments: 
  C:\Program Files\nodejs\node.exe C:\Program Files\nodejs\node_modules\yarn\bin\yarn.js

PATH: 
  C:\Program Files (x86)\Intel\Intel(R) Management Engine Components\iCLS\;C:\Program Files\Intel\Intel(R) Management Engine Components\iCLS\;C:\Windows\system32;C:\Windows;C:\Windows\System32\Wbem;C:\Windows\System32\WindowsPowerShell\v1.0\;C:\Program Files (x86)\Intel\Intel(R) Management Engine Components\DAL;C:\Program Files\Intel\Intel(R) Management Engine Components\DAL;C:\Program Files (x86)\Intel\Intel(R) Management Engine Components\IPT;C:\Program Files\Intel\Intel(R) Management Engine Components\IPT;C:\Program Files (x86)\NVIDIA Corporation\PhysX\Common;C:\Windows\system32;C:\Windows;C:\Windows\System32\Wbem;C:\Windows\System32\WindowsPowerShell\v1.0\;C:\Windows\System32\OpenSSH\;E:\nvm;C:\Program Files\nodejs;E:\Git\cmd;C:\Users\86182\AppData\Local\Microsoft\WindowsApps;C:\Users\86182\AppData\Local\Programs\Microsoft VS Code\bin;E:\nvm;C:\Program Files\nodejs

Yarn version: 
  1.22.10

Node version: 
  14.0.0

Platform: 
  win32 x64

Trace: 
  Error: https://registry.yarnpkg.com/typescript/-/typescript-4.1.3.tgz: ESOCKETTIMEDOUT
      at ClientRequest.<anonymous> (E:\nvm\v14.0.0\node_modules\yarn\lib\cli.js:141289:19)
      at Object.onceWrapper (events.js:421:28)
      at ClientRequest.emit (events.js:315:20)
      at TLSSocket.emitRequestTimeout (_http_client.js:759:9)
      at Object.onceWrapper (events.js:421:28)
      at TLSSocket.emit (events.js:327:22)
      at TLSSocket.Socket._onTimeout (net.js:480:8)
      at listOnTimeout (internal/timers.js:549:17)
      at processTimers (internal/timers.js:492:7)

npm manifest: 
  {
      "name": "xinfu_web",
      "version": "1.0.0",
      "private": true,
      "scripts": {
          "dev": "nuxt-ts",
          "build": "nuxt-ts build",
          "start": "nuxt-ts start",
          "generate": "nuxt-ts generate",
          "pm2": "pm2 start npm --name myweb -- start",
          "fix-memory-limit": "cross-env LIMIT=8096 increase-memory-limit"
      },
      "dependencies": {
          "@nuxt/typescript-runtime": "^2.0.0",
          "@nuxtjs/axios": "^5.12.2",
          "@types/clipboard": "^2.0.1",
          "@types/echarts": "^4.9.0",
          "@types/jwt-decode": "^2.2.1",
          "@types/mockjs": "^1.0.3",
          "@types/nprogress": "^0.2.0",
          "ali-oss": "^6.11.2",
          "axios": "^0.20.0",
          "clipboard": "^2.0.6",
          "cookie-universal-nuxt": "^2.1.4",
          "core-js": "^3.6.5",
          "cross-env": "^7.0.2",
          "downloadjs": "^1.4.7",
          "echarts": "^4.9.0",
          "element-ui": "^2.13.2",
          "increase-memory-limit": "^1.0.7",
          "jwt-decode": "^3.0.0-beta.2",
          "mockjs": "^1.1.0",
          "nprogress": "^0.2.0",
          "nuxt": "^2.14.5",
          "qs": "^6.9.4",
          "simplex-noise": "^2.4.0",
          "vue-class-component": "^7.2.6",
          "vue-property-decorator": "^9.0.0",
          "vue-uuid": "^2.0.2",
          "vuex-persistedstate": "^4.0.0-beta.1",
          "wangeditor": "^4.5.3",
          "webpack-merge": "^5.4.0"
      },
      "devDependencies": {
          "@nuxt/types": "^2.14.5",
          "@nuxt/typescript-build": "^2.0.3",
          "@nuxtjs/style-resources": "^1.0.0",
          "@types/downloadjs": "^1.4.2",
          "@types/webpack-env": "^1.15.3",
          "element-theme-chalk": "^2.14.1",
          "node-sass": "^4.14.1",
          "sass-loader": "^10.0.2"
      }
  }

yarn manifest: 
  No manifest

Lockfile: 
  No lockfile
